ERROR - 2023-06-12 10:38:04 --> Error connecting to the database: mysqli_sql_exception: Access denied for user 'root'@'localhost' (using password: YES) in /Users/alexandria.vannorsdall/code/project-root/vendor/codeigniter4/framework/system/Database/MySQLi/Connection.php:173
Stack trace:
#0 /Users/alexandria.vannorsdall/code/project-root/vendor/codeigniter4/framework/system/Database/MySQLi/Connection.php(173): mysqli->real_connect('localhost', 'root', Object(SensitiveParameterValue), 'ci4', 3306, '', 0)
#1 /Users/alexandria.vannorsdall/code/project-root/vendor/codeigniter4/framework/system/Database/BaseConnection.php(391): CodeIgniter\Database\MySQLi\Connection->connect(false)
#2 /Users/alexandria.vannorsdall/code/project-root/vendor/codeigniter4/framework/system/Database/BaseConnection.php(574): CodeIgniter\Database\BaseConnection->initialize()
#3 /Users/alexandria.vannorsdall/code/project-root/vendor/codeigniter4/framework/system/Database/BaseBuilder.php(1616): CodeIgniter\Database\BaseConnection->query('SELECT *\nFROM `...', Array, false)
#4 /Users/alexandria.vannorsdall/code/project-root/vendor/codeigniter4/framework/system/Model.php(241): CodeIgniter\Database\BaseBuilder->get()
#5 /Users/alexandria.vannorsdall/code/project-root/vendor/codeigniter4/framework/system/BaseModel.php(618): CodeIgniter\Model->doFindAll(0, 0)
#6 /Users/alexandria.vannorsdall/code/project-root/app/Models/NewsModel.php(15): CodeIgniter\BaseModel->findAll()
#7 /Users/alexandria.vannorsdall/code/project-root/app/Controllers/News.php(15): App\Models\NewsModel->getNews()
#8 /Users/alexandria.vannorsdall/code/project-root/vendor/codeigniter4/framework/system/CodeIgniter.php(934): App\Controllers\News->index()
#9 /Users/alexandria.vannorsdall/code/project-root/vendor/codeigniter4/framework/system/CodeIgniter.php(499): CodeIgniter\CodeIgniter->runController(Object(App\Controllers\News))
#10 /Users/alexandria.vannorsdall/code/project-root/vendor/codeigniter4/framework/system/CodeIgniter.php(368): CodeIgniter\CodeIgniter->handleRequest(NULL, Object(Config\Cache), false)
#11 /Users/alexandria.vannorsdall/code/project-root/public/index.php(67): CodeIgniter\CodeIgniter->run()
#12 /Users/alexandria.vannorsdall/code/project-root/vendor/codeigniter4/framework/system/Commands/Server/rewrite.php(47): require_once('/Users/alexandr...')
#13 {main}

Next CodeIgniter\Database\Exceptions\DatabaseException: Access denied for user '****'@'localhost' (using password: YES) in /Users/alexandria.vannorsdall/code/project-root/vendor/codeigniter4/framework/system/Database/MySQLi/Connection.php:218
Stack trace:
#0 /Users/alexandria.vannorsdall/code/project-root/vendor/codeigniter4/framework/system/Database/BaseConnection.php(391): CodeIgniter\Database\MySQLi\Connection->connect(false)
#1 /Users/alexandria.vannorsdall/code/project-root/vendor/codeigniter4/framework/system/Database/BaseConnection.php(574): CodeIgniter\Database\BaseConnection->initialize()
#2 /Users/alexandria.vannorsdall/code/project-root/vendor/codeigniter4/framework/system/Database/BaseBuilder.php(1616): CodeIgniter\Database\BaseConnection->query('SELECT *\nFROM `...', Array, false)
#3 /Users/alexandria.vannorsdall/code/project-root/vendor/codeigniter4/framework/system/Model.php(241): CodeIgniter\Database\BaseBuilder->get()
#4 /Users/alexandria.vannorsdall/code/project-root/vendor/codeigniter4/framework/system/BaseModel.php(618): CodeIgniter\Model->doFindAll(0, 0)
#5 /Users/alexandria.vannorsdall/code/project-root/app/Models/NewsModel.php(15): CodeIgniter\BaseModel->findAll()
#6 /Users/alexandria.vannorsdall/code/project-root/app/Controllers/News.php(15): App\Models\NewsModel->getNews()
#7 /Users/alexandria.vannorsdall/code/project-root/vendor/codeigniter4/framework/system/CodeIgniter.php(934): App\Controllers\News->index()
#8 /Users/alexandria.vannorsdall/code/project-root/vendor/codeigniter4/framework/system/CodeIgniter.php(499): CodeIgniter\CodeIgniter->runController(Object(App\Controllers\News))
#9 /Users/alexandria.vannorsdall/code/project-root/vendor/codeigniter4/framework/system/CodeIgniter.php(368): CodeIgniter\CodeIgniter->handleRequest(NULL, Object(Config\Cache), false)
#10 /Users/alexandria.vannorsdall/code/project-root/public/index.php(67): CodeIgniter\CodeIgniter->run()
#11 /Users/alexandria.vannorsdall/code/project-root/vendor/codeigniter4/framework/system/Commands/Server/rewrite.php(47): require_once('/Users/alexandr...')
#12 {main}
CRITICAL - 2023-06-12 10:38:04 --> Unable to connect to the database.
Main connection [MySQLi]: Access denied for user '****'@'localhost' (using password: YES)
in SYSTEMPATH/Database/BaseConnection.php on line 427.
 1 SYSTEMPATH/Database/BaseConnection.php(574): CodeIgniter\Database\BaseConnection->initialize()
 2 SYSTEMPATH/Database/BaseBuilder.php(1616): CodeIgniter\Database\BaseConnection->query('SELECT *
FROM `news`', [], false)
 3 SYSTEMPATH/Model.php(241): CodeIgniter\Database\BaseBuilder->get()
 4 SYSTEMPATH/BaseModel.php(618): CodeIgniter\Model->doFindAll(0, 0)
 5 APPPATH/Models/NewsModel.php(15): CodeIgniter\BaseModel->findAll()
 6 APPPATH/Controllers/News.php(15): App\Models\NewsModel->getNews()
 7 SYSTEMPATH/CodeIgniter.php(934): App\Controllers\News->index()
 8 SYSTEMPATH/CodeIgniter.php(499): CodeIgniter\CodeIgniter->runController(Object(App\Controllers\News))
 9 SYSTEMPATH/CodeIgniter.php(368): CodeIgniter\CodeIgniter->handleRequest(null, Object(Config\Cache), false)
10 FCPATH/index.php(67): CodeIgniter\CodeIgniter->run()
11 SYSTEMPATH/Commands/Server/rewrite.php(47): require_once('/Users/alexandria.vannorsdall/code/project-root/public/index.php')
ERROR - 2023-06-12 10:39:41 --> Error connecting to the database: mysqli_sql_exception: Access denied for user 'root'@'localhost' (using password: YES) in /Users/alexandria.vannorsdall/code/project-root/vendor/codeigniter4/framework/system/Database/MySQLi/Connection.php:173
Stack trace:
#0 /Users/alexandria.vannorsdall/code/project-root/vendor/codeigniter4/framework/system/Database/MySQLi/Connection.php(173): mysqli->real_connect('localhost', 'root', Object(SensitiveParameterValue), 'ci4', 3306, '', 0)
#1 /Users/alexandria.vannorsdall/code/project-root/vendor/codeigniter4/framework/system/Database/BaseConnection.php(391): CodeIgniter\Database\MySQLi\Connection->connect(false)
#2 /Users/alexandria.vannorsdall/code/project-root/vendor/codeigniter4/framework/system/Database/BaseConnection.php(574): CodeIgniter\Database\BaseConnection->initialize()
#3 /Users/alexandria.vannorsdall/code/project-root/vendor/codeigniter4/framework/system/Database/BaseBuilder.php(1616): CodeIgniter\Database\BaseConnection->query('SELECT *\nFROM `...', Array, false)
#4 /Users/alexandria.vannorsdall/code/project-root/vendor/codeigniter4/framework/system/Model.php(241): CodeIgniter\Database\BaseBuilder->get()
#5 /Users/alexandria.vannorsdall/code/project-root/vendor/codeigniter4/framework/system/BaseModel.php(618): CodeIgniter\Model->doFindAll(0, 0)
#6 /Users/alexandria.vannorsdall/code/project-root/app/Models/NewsModel.php(15): CodeIgniter\BaseModel->findAll()
#7 /Users/alexandria.vannorsdall/code/project-root/app/Controllers/News.php(15): App\Models\NewsModel->getNews()
#8 /Users/alexandria.vannorsdall/code/project-root/vendor/codeigniter4/framework/system/CodeIgniter.php(934): App\Controllers\News->index()
#9 /Users/alexandria.vannorsdall/code/project-root/vendor/codeigniter4/framework/system/CodeIgniter.php(499): CodeIgniter\CodeIgniter->runController(Object(App\Controllers\News))
#10 /Users/alexandria.vannorsdall/code/project-root/vendor/codeigniter4/framework/system/CodeIgniter.php(368): CodeIgniter\CodeIgniter->handleRequest(NULL, Object(Config\Cache), false)
#11 /Users/alexandria.vannorsdall/code/project-root/public/index.php(67): CodeIgniter\CodeIgniter->run()
#12 /Users/alexandria.vannorsdall/code/project-root/vendor/codeigniter4/framework/system/Commands/Server/rewrite.php(47): require_once('/Users/alexandr...')
#13 {main}

Next CodeIgniter\Database\Exceptions\DatabaseException: Access denied for user '****'@'localhost' (using password: YES) in /Users/alexandria.vannorsdall/code/project-root/vendor/codeigniter4/framework/system/Database/MySQLi/Connection.php:218
Stack trace:
#0 /Users/alexandria.vannorsdall/code/project-root/vendor/codeigniter4/framework/system/Database/BaseConnection.php(391): CodeIgniter\Database\MySQLi\Connection->connect(false)
#1 /Users/alexandria.vannorsdall/code/project-root/vendor/codeigniter4/framework/system/Database/BaseConnection.php(574): CodeIgniter\Database\BaseConnection->initialize()
#2 /Users/alexandria.vannorsdall/code/project-root/vendor/codeigniter4/framework/system/Database/BaseBuilder.php(1616): CodeIgniter\Database\BaseConnection->query('SELECT *\nFROM `...', Array, false)
#3 /Users/alexandria.vannorsdall/code/project-root/vendor/codeigniter4/framework/system/Model.php(241): CodeIgniter\Database\BaseBuilder->get()
#4 /Users/alexandria.vannorsdall/code/project-root/vendor/codeigniter4/framework/system/BaseModel.php(618): CodeIgniter\Model->doFindAll(0, 0)
#5 /Users/alexandria.vannorsdall/code/project-root/app/Models/NewsModel.php(15): CodeIgniter\BaseModel->findAll()
#6 /Users/alexandria.vannorsdall/code/project-root/app/Controllers/News.php(15): App\Models\NewsModel->getNews()
#7 /Users/alexandria.vannorsdall/code/project-root/vendor/codeigniter4/framework/system/CodeIgniter.php(934): App\Controllers\News->index()
#8 /Users/alexandria.vannorsdall/code/project-root/vendor/codeigniter4/framework/system/CodeIgniter.php(499): CodeIgniter\CodeIgniter->runController(Object(App\Controllers\News))
#9 /Users/alexandria.vannorsdall/code/project-root/vendor/codeigniter4/framework/system/CodeIgniter.php(368): CodeIgniter\CodeIgniter->handleRequest(NULL, Object(Config\Cache), false)
#10 /Users/alexandria.vannorsdall/code/project-root/public/index.php(67): CodeIgniter\CodeIgniter->run()
#11 /Users/alexandria.vannorsdall/code/project-root/vendor/codeigniter4/framework/system/Commands/Server/rewrite.php(47): require_once('/Users/alexandr...')
#12 {main}
CRITICAL - 2023-06-12 10:39:41 --> Unable to connect to the database.
Main connection [MySQLi]: Access denied for user '****'@'localhost' (using password: YES)
in SYSTEMPATH/Database/BaseConnection.php on line 427.
 1 SYSTEMPATH/Database/BaseConnection.php(574): CodeIgniter\Database\BaseConnection->initialize()
 2 SYSTEMPATH/Database/BaseBuilder.php(1616): CodeIgniter\Database\BaseConnection->query('SELECT *
FROM `news`', [], false)
 3 SYSTEMPATH/Model.php(241): CodeIgniter\Database\BaseBuilder->get()
 4 SYSTEMPATH/BaseModel.php(618): CodeIgniter\Model->doFindAll(0, 0)
 5 APPPATH/Models/NewsModel.php(15): CodeIgniter\BaseModel->findAll()
 6 APPPATH/Controllers/News.php(15): App\Models\NewsModel->getNews()
 7 SYSTEMPATH/CodeIgniter.php(934): App\Controllers\News->index()
 8 SYSTEMPATH/CodeIgniter.php(499): CodeIgniter\CodeIgniter->runController(Object(App\Controllers\News))
 9 SYSTEMPATH/CodeIgniter.php(368): CodeIgniter\CodeIgniter->handleRequest(null, Object(Config\Cache), false)
10 FCPATH/index.php(67): CodeIgniter\CodeIgniter->run()
11 SYSTEMPATH/Commands/Server/rewrite.php(47): require_once('/Users/alexandria.vannorsdall/code/project-root/public/index.php')
ERROR - 2023-06-12 10:39:42 --> Error connecting to the database: mysqli_sql_exception: Access denied for user 'root'@'localhost' (using password: YES) in /Users/alexandria.vannorsdall/code/project-root/vendor/codeigniter4/framework/system/Database/MySQLi/Connection.php:173
Stack trace:
#0 /Users/alexandria.vannorsdall/code/project-root/vendor/codeigniter4/framework/system/Database/MySQLi/Connection.php(173): mysqli->real_connect('localhost', 'root', Object(SensitiveParameterValue), 'ci4', 3306, '', 0)
#1 /Users/alexandria.vannorsdall/code/project-root/vendor/codeigniter4/framework/system/Database/BaseConnection.php(391): CodeIgniter\Database\MySQLi\Connection->connect(false)
#2 /Users/alexandria.vannorsdall/code/project-root/vendor/codeigniter4/framework/system/Database/BaseConnection.php(574): CodeIgniter\Database\BaseConnection->initialize()
#3 /Users/alexandria.vannorsdall/code/project-root/vendor/codeigniter4/framework/system/Database/BaseBuilder.php(1616): CodeIgniter\Database\BaseConnection->query('SELECT *\nFROM `...', Array, false)
#4 /Users/alexandria.vannorsdall/code/project-root/vendor/codeigniter4/framework/system/Model.php(241): CodeIgniter\Database\BaseBuilder->get()
#5 /Users/alexandria.vannorsdall/code/project-root/vendor/codeigniter4/framework/system/BaseModel.php(618): CodeIgniter\Model->doFindAll(0, 0)
#6 /Users/alexandria.vannorsdall/code/project-root/app/Models/NewsModel.php(15): CodeIgniter\BaseModel->findAll()
#7 /Users/alexandria.vannorsdall/code/project-root/app/Controllers/News.php(15): App\Models\NewsModel->getNews()
#8 /Users/alexandria.vannorsdall/code/project-root/vendor/codeigniter4/framework/system/CodeIgniter.php(934): App\Controllers\News->index()
#9 /Users/alexandria.vannorsdall/code/project-root/vendor/codeigniter4/framework/system/CodeIgniter.php(499): CodeIgniter\CodeIgniter->runController(Object(App\Controllers\News))
#10 /Users/alexandria.vannorsdall/code/project-root/vendor/codeigniter4/framework/system/CodeIgniter.php(368): CodeIgniter\CodeIgniter->handleRequest(NULL, Object(Config\Cache), false)
#11 /Users/alexandria.vannorsdall/code/project-root/public/index.php(67): CodeIgniter\CodeIgniter->run()
#12 /Users/alexandria.vannorsdall/code/project-root/vendor/codeigniter4/framework/system/Commands/Server/rewrite.php(47): require_once('/Users/alexandr...')
#13 {main}

Next CodeIgniter\Database\Exceptions\DatabaseException: Access denied for user '****'@'localhost' (using password: YES) in /Users/alexandria.vannorsdall/code/project-root/vendor/codeigniter4/framework/system/Database/MySQLi/Connection.php:218
Stack trace:
#0 /Users/alexandria.vannorsdall/code/project-root/vendor/codeigniter4/framework/system/Database/BaseConnection.php(391): CodeIgniter\Database\MySQLi\Connection->connect(false)
#1 /Users/alexandria.vannorsdall/code/project-root/vendor/codeigniter4/framework/system/Database/BaseConnection.php(574): CodeIgniter\Database\BaseConnection->initialize()
#2 /Users/alexandria.vannorsdall/code/project-root/vendor/codeigniter4/framework/system/Database/BaseBuilder.php(1616): CodeIgniter\Database\BaseConnection->query('SELECT *\nFROM `...', Array, false)
#3 /Users/alexandria.vannorsdall/code/project-root/vendor/codeigniter4/framework/system/Model.php(241): CodeIgniter\Database\BaseBuilder->get()
#4 /Users/alexandria.vannorsdall/code/project-root/vendor/codeigniter4/framework/system/BaseModel.php(618): CodeIgniter\Model->doFindAll(0, 0)
#5 /Users/alexandria.vannorsdall/code/project-root/app/Models/NewsModel.php(15): CodeIgniter\BaseModel->findAll()
#6 /Users/alexandria.vannorsdall/code/project-root/app/Controllers/News.php(15): App\Models\NewsModel->getNews()
#7 /Users/alexandria.vannorsdall/code/project-root/vendor/codeigniter4/framework/system/CodeIgniter.php(934): App\Controllers\News->index()
#8 /Users/alexandria.vannorsdall/code/project-root/vendor/codeigniter4/framework/system/CodeIgniter.php(499): CodeIgniter\CodeIgniter->runController(Object(App\Controllers\News))
#9 /Users/alexandria.vannorsdall/code/project-root/vendor/codeigniter4/framework/system/CodeIgniter.php(368): CodeIgniter\CodeIgniter->handleRequest(NULL, Object(Config\Cache), false)
#10 /Users/alexandria.vannorsdall/code/project-root/public/index.php(67): CodeIgniter\CodeIgniter->run()
#11 /Users/alexandria.vannorsdall/code/project-root/vendor/codeigniter4/framework/system/Commands/Server/rewrite.php(47): require_once('/Users/alexandr...')
#12 {main}
CRITICAL - 2023-06-12 10:39:42 --> Unable to connect to the database.
Main connection [MySQLi]: Access denied for user '****'@'localhost' (using password: YES)
in SYSTEMPATH/Database/BaseConnection.php on line 427.
 1 SYSTEMPATH/Database/BaseConnection.php(574): CodeIgniter\Database\BaseConnection->initialize()
 2 SYSTEMPATH/Database/BaseBuilder.php(1616): CodeIgniter\Database\BaseConnection->query('SELECT *
FROM `news`', [], false)
 3 SYSTEMPATH/Model.php(241): CodeIgniter\Database\BaseBuilder->get()
 4 SYSTEMPATH/BaseModel.php(618): CodeIgniter\Model->doFindAll(0, 0)
 5 APPPATH/Models/NewsModel.php(15): CodeIgniter\BaseModel->findAll()
 6 APPPATH/Controllers/News.php(15): App\Models\NewsModel->getNews()
 7 SYSTEMPATH/CodeIgniter.php(934): App\Controllers\News->index()
 8 SYSTEMPATH/CodeIgniter.php(499): CodeIgniter\CodeIgniter->runController(Object(App\Controllers\News))
 9 SYSTEMPATH/CodeIgniter.php(368): CodeIgniter\CodeIgniter->handleRequest(null, Object(Config\Cache), false)
10 FCPATH/index.php(67): CodeIgniter\CodeIgniter->run()
11 SYSTEMPATH/Commands/Server/rewrite.php(47): require_once('/Users/alexandria.vannorsdall/code/project-root/public/index.php')
ERROR - 2023-06-12 10:42:35 --> Error connecting to the database: mysqli_sql_exception: Access denied for user 'root'@'localhost' (using password: YES) in /Users/alexandria.vannorsdall/code/project-root/vendor/codeigniter4/framework/system/Database/MySQLi/Connection.php:173
Stack trace:
#0 /Users/alexandria.vannorsdall/code/project-root/vendor/codeigniter4/framework/system/Database/MySQLi/Connection.php(173): mysqli->real_connect('localhost', 'root', Object(SensitiveParameterValue), 'ci4', 3306, '', 0)
#1 /Users/alexandria.vannorsdall/code/project-root/vendor/codeigniter4/framework/system/Database/BaseConnection.php(391): CodeIgniter\Database\MySQLi\Connection->connect(false)
#2 /Users/alexandria.vannorsdall/code/project-root/vendor/codeigniter4/framework/system/Database/BaseConnection.php(574): CodeIgniter\Database\BaseConnection->initialize()
#3 /Users/alexandria.vannorsdall/code/project-root/vendor/codeigniter4/framework/system/Database/BaseBuilder.php(1616): CodeIgniter\Database\BaseConnection->query('SELECT *\nFROM `...', Array, false)
#4 /Users/alexandria.vannorsdall/code/project-root/vendor/codeigniter4/framework/system/Model.php(241): CodeIgniter\Database\BaseBuilder->get()
#5 /Users/alexandria.vannorsdall/code/project-root/vendor/codeigniter4/framework/system/BaseModel.php(618): CodeIgniter\Model->doFindAll(0, 0)
#6 /Users/alexandria.vannorsdall/code/project-root/app/Models/NewsModel.php(15): CodeIgniter\BaseModel->findAll()
#7 /Users/alexandria.vannorsdall/code/project-root/app/Controllers/News.php(15): App\Models\NewsModel->getNews()
#8 /Users/alexandria.vannorsdall/code/project-root/vendor/codeigniter4/framework/system/CodeIgniter.php(934): App\Controllers\News->index()
#9 /Users/alexandria.vannorsdall/code/project-root/vendor/codeigniter4/framework/system/CodeIgniter.php(499): CodeIgniter\CodeIgniter->runController(Object(App\Controllers\News))
#10 /Users/alexandria.vannorsdall/code/project-root/vendor/codeigniter4/framework/system/CodeIgniter.php(368): CodeIgniter\CodeIgniter->handleRequest(NULL, Object(Config\Cache), false)
#11 /Users/alexandria.vannorsdall/code/project-root/public/index.php(67): CodeIgniter\CodeIgniter->run()
#12 /Users/alexandria.vannorsdall/code/project-root/vendor/codeigniter4/framework/system/Commands/Server/rewrite.php(47): require_once('/Users/alexandr...')
#13 {main}

Next CodeIgniter\Database\Exceptions\DatabaseException: Access denied for user '****'@'localhost' (using password: YES) in /Users/alexandria.vannorsdall/code/project-root/vendor/codeigniter4/framework/system/Database/MySQLi/Connection.php:218
Stack trace:
#0 /Users/alexandria.vannorsdall/code/project-root/vendor/codeigniter4/framework/system/Database/BaseConnection.php(391): CodeIgniter\Database\MySQLi\Connection->connect(false)
#1 /Users/alexandria.vannorsdall/code/project-root/vendor/codeigniter4/framework/system/Database/BaseConnection.php(574): CodeIgniter\Database\BaseConnection->initialize()
#2 /Users/alexandria.vannorsdall/code/project-root/vendor/codeigniter4/framework/system/Database/BaseBuilder.php(1616): CodeIgniter\Database\BaseConnection->query('SELECT *\nFROM `...', Array, false)
#3 /Users/alexandria.vannorsdall/code/project-root/vendor/codeigniter4/framework/system/Model.php(241): CodeIgniter\Database\BaseBuilder->get()
#4 /Users/alexandria.vannorsdall/code/project-root/vendor/codeigniter4/framework/system/BaseModel.php(618): CodeIgniter\Model->doFindAll(0, 0)
#5 /Users/alexandria.vannorsdall/code/project-root/app/Models/NewsModel.php(15): CodeIgniter\BaseModel->findAll()
#6 /Users/alexandria.vannorsdall/code/project-root/app/Controllers/News.php(15): App\Models\NewsModel->getNews()
#7 /Users/alexandria.vannorsdall/code/project-root/vendor/codeigniter4/framework/system/CodeIgniter.php(934): App\Controllers\News->index()
#8 /Users/alexandria.vannorsdall/code/project-root/vendor/codeigniter4/framework/system/CodeIgniter.php(499): CodeIgniter\CodeIgniter->runController(Object(App\Controllers\News))
#9 /Users/alexandria.vannorsdall/code/project-root/vendor/codeigniter4/framework/system/CodeIgniter.php(368): CodeIgniter\CodeIgniter->handleRequest(NULL, Object(Config\Cache), false)
#10 /Users/alexandria.vannorsdall/code/project-root/public/index.php(67): CodeIgniter\CodeIgniter->run()
#11 /Users/alexandria.vannorsdall/code/project-root/vendor/codeigniter4/framework/system/Commands/Server/rewrite.php(47): require_once('/Users/alexandr...')
#12 {main}
CRITICAL - 2023-06-12 10:42:35 --> Unable to connect to the database.
Main connection [MySQLi]: Access denied for user '****'@'localhost' (using password: YES)
in SYSTEMPATH/Database/BaseConnection.php on line 427.
 1 SYSTEMPATH/Database/BaseConnection.php(574): CodeIgniter\Database\BaseConnection->initialize()
 2 SYSTEMPATH/Database/BaseBuilder.php(1616): CodeIgniter\Database\BaseConnection->query('SELECT *
FROM `news`', [], false)
 3 SYSTEMPATH/Model.php(241): CodeIgniter\Database\BaseBuilder->get()
 4 SYSTEMPATH/BaseModel.php(618): CodeIgniter\Model->doFindAll(0, 0)
 5 APPPATH/Models/NewsModel.php(15): CodeIgniter\BaseModel->findAll()
 6 APPPATH/Controllers/News.php(15): App\Models\NewsModel->getNews()
 7 SYSTEMPATH/CodeIgniter.php(934): App\Controllers\News->index()
 8 SYSTEMPATH/CodeIgniter.php(499): CodeIgniter\CodeIgniter->runController(Object(App\Controllers\News))
 9 SYSTEMPATH/CodeIgniter.php(368): CodeIgniter\CodeIgniter->handleRequest(null, Object(Config\Cache), false)
10 FCPATH/index.php(67): CodeIgniter\CodeIgniter->run()
11 SYSTEMPATH/Commands/Server/rewrite.php(47): require_once('/Users/alexandria.vannorsdall/code/project-root/public/index.php')
ERROR - 2023-06-12 10:44:32 --> Error connecting to the database: mysqli_sql_exception: Access denied for user 'root'@'localhost' (using password: YES) in /Users/alexandria.vannorsdall/code/project-root/vendor/codeigniter4/framework/system/Database/MySQLi/Connection.php:173
Stack trace:
#0 /Users/alexandria.vannorsdall/code/project-root/vendor/codeigniter4/framework/system/Database/MySQLi/Connection.php(173): mysqli->real_connect('localhost', 'root', Object(SensitiveParameterValue), 'ci4', 3306, '', 0)
#1 /Users/alexandria.vannorsdall/code/project-root/vendor/codeigniter4/framework/system/Database/BaseConnection.php(391): CodeIgniter\Database\MySQLi\Connection->connect(false)
#2 /Users/alexandria.vannorsdall/code/project-root/vendor/codeigniter4/framework/system/Database/BaseConnection.php(574): CodeIgniter\Database\BaseConnection->initialize()
#3 /Users/alexandria.vannorsdall/code/project-root/vendor/codeigniter4/framework/system/Database/BaseBuilder.php(1616): CodeIgniter\Database\BaseConnection->query('SELECT *\nFROM `...', Array, false)
#4 /Users/alexandria.vannorsdall/code/project-root/vendor/codeigniter4/framework/system/Model.php(241): CodeIgniter\Database\BaseBuilder->get()
#5 /Users/alexandria.vannorsdall/code/project-root/vendor/codeigniter4/framework/system/BaseModel.php(618): CodeIgniter\Model->doFindAll(0, 0)
#6 /Users/alexandria.vannorsdall/code/project-root/app/Models/NewsModel.php(15): CodeIgniter\BaseModel->findAll()
#7 /Users/alexandria.vannorsdall/code/project-root/app/Controllers/News.php(15): App\Models\NewsModel->getNews()
#8 /Users/alexandria.vannorsdall/code/project-root/vendor/codeigniter4/framework/system/CodeIgniter.php(934): App\Controllers\News->index()
#9 /Users/alexandria.vannorsdall/code/project-root/vendor/codeigniter4/framework/system/CodeIgniter.php(499): CodeIgniter\CodeIgniter->runController(Object(App\Controllers\News))
#10 /Users/alexandria.vannorsdall/code/project-root/vendor/codeigniter4/framework/system/CodeIgniter.php(368): CodeIgniter\CodeIgniter->handleRequest(NULL, Object(Config\Cache), false)
#11 /Users/alexandria.vannorsdall/code/project-root/public/index.php(67): CodeIgniter\CodeIgniter->run()
#12 /Users/alexandria.vannorsdall/code/project-root/vendor/codeigniter4/framework/system/Commands/Server/rewrite.php(47): require_once('/Users/alexandr...')
#13 {main}

Next CodeIgniter\Database\Exceptions\DatabaseException: Access denied for user '****'@'localhost' (using password: YES) in /Users/alexandria.vannorsdall/code/project-root/vendor/codeigniter4/framework/system/Database/MySQLi/Connection.php:218
Stack trace:
#0 /Users/alexandria.vannorsdall/code/project-root/vendor/codeigniter4/framework/system/Database/BaseConnection.php(391): CodeIgniter\Database\MySQLi\Connection->connect(false)
#1 /Users/alexandria.vannorsdall/code/project-root/vendor/codeigniter4/framework/system/Database/BaseConnection.php(574): CodeIgniter\Database\BaseConnection->initialize()
#2 /Users/alexandria.vannorsdall/code/project-root/vendor/codeigniter4/framework/system/Database/BaseBuilder.php(1616): CodeIgniter\Database\BaseConnection->query('SELECT *\nFROM `...', Array, false)
#3 /Users/alexandria.vannorsdall/code/project-root/vendor/codeigniter4/framework/system/Model.php(241): CodeIgniter\Database\BaseBuilder->get()
#4 /Users/alexandria.vannorsdall/code/project-root/vendor/codeigniter4/framework/system/BaseModel.php(618): CodeIgniter\Model->doFindAll(0, 0)
#5 /Users/alexandria.vannorsdall/code/project-root/app/Models/NewsModel.php(15): CodeIgniter\BaseModel->findAll()
#6 /Users/alexandria.vannorsdall/code/project-root/app/Controllers/News.php(15): App\Models\NewsModel->getNews()
#7 /Users/alexandria.vannorsdall/code/project-root/vendor/codeigniter4/framework/system/CodeIgniter.php(934): App\Controllers\News->index()
#8 /Users/alexandria.vannorsdall/code/project-root/vendor/codeigniter4/framework/system/CodeIgniter.php(499): CodeIgniter\CodeIgniter->runController(Object(App\Controllers\News))
#9 /Users/alexandria.vannorsdall/code/project-root/vendor/codeigniter4/framework/system/CodeIgniter.php(368): CodeIgniter\CodeIgniter->handleRequest(NULL, Object(Config\Cache), false)
#10 /Users/alexandria.vannorsdall/code/project-root/public/index.php(67): CodeIgniter\CodeIgniter->run()
#11 /Users/alexandria.vannorsdall/code/project-root/vendor/codeigniter4/framework/system/Commands/Server/rewrite.php(47): require_once('/Users/alexandr...')
#12 {main}
CRITICAL - 2023-06-12 10:44:32 --> Unable to connect to the database.
Main connection [MySQLi]: Access denied for user '****'@'localhost' (using password: YES)
in SYSTEMPATH/Database/BaseConnection.php on line 427.
 1 SYSTEMPATH/Database/BaseConnection.php(574): CodeIgniter\Database\BaseConnection->initialize()
 2 SYSTEMPATH/Database/BaseBuilder.php(1616): CodeIgniter\Database\BaseConnection->query('SELECT *
FROM `news`', [], false)
 3 SYSTEMPATH/Model.php(241): CodeIgniter\Database\BaseBuilder->get()
 4 SYSTEMPATH/BaseModel.php(618): CodeIgniter\Model->doFindAll(0, 0)
 5 APPPATH/Models/NewsModel.php(15): CodeIgniter\BaseModel->findAll()
 6 APPPATH/Controllers/News.php(15): App\Models\NewsModel->getNews()
 7 SYSTEMPATH/CodeIgniter.php(934): App\Controllers\News->index()
 8 SYSTEMPATH/CodeIgniter.php(499): CodeIgniter\CodeIgniter->runController(Object(App\Controllers\News))
 9 SYSTEMPATH/CodeIgniter.php(368): CodeIgniter\CodeIgniter->handleRequest(null, Object(Config\Cache), false)
10 FCPATH/index.php(67): CodeIgniter\CodeIgniter->run()
11 SYSTEMPATH/Commands/Server/rewrite.php(47): require_once('/Users/alexandria.vannorsdall/code/project-root/public/index.php')
ERROR - 2023-06-12 10:47:08 --> Error connecting to the database: mysqli_sql_exception: Access denied for user 'root'@'localhost' (using password: YES) in /Users/alexandria.vannorsdall/code/project-root/vendor/codeigniter4/framework/system/Database/MySQLi/Connection.php:173
Stack trace:
#0 /Users/alexandria.vannorsdall/code/project-root/vendor/codeigniter4/framework/system/Database/MySQLi/Connection.php(173): mysqli->real_connect('localhost', 'root', Object(SensitiveParameterValue), 'ci4', 3306, '', 0)
#1 /Users/alexandria.vannorsdall/code/project-root/vendor/codeigniter4/framework/system/Database/BaseConnection.php(391): CodeIgniter\Database\MySQLi\Connection->connect(false)
#2 /Users/alexandria.vannorsdall/code/project-root/vendor/codeigniter4/framework/system/Database/BaseConnection.php(574): CodeIgniter\Database\BaseConnection->initialize()
#3 /Users/alexandria.vannorsdall/code/project-root/vendor/codeigniter4/framework/system/Database/BaseBuilder.php(1616): CodeIgniter\Database\BaseConnection->query('SELECT *\nFROM `...', Array, false)
#4 /Users/alexandria.vannorsdall/code/project-root/vendor/codeigniter4/framework/system/Model.php(241): CodeIgniter\Database\BaseBuilder->get()
#5 /Users/alexandria.vannorsdall/code/project-root/vendor/codeigniter4/framework/system/BaseModel.php(618): CodeIgniter\Model->doFindAll(0, 0)
#6 /Users/alexandria.vannorsdall/code/project-root/app/Models/NewsModel.php(15): CodeIgniter\BaseModel->findAll()
#7 /Users/alexandria.vannorsdall/code/project-root/app/Controllers/News.php(15): App\Models\NewsModel->getNews()
#8 /Users/alexandria.vannorsdall/code/project-root/vendor/codeigniter4/framework/system/CodeIgniter.php(934): App\Controllers\News->index()
#9 /Users/alexandria.vannorsdall/code/project-root/vendor/codeigniter4/framework/system/CodeIgniter.php(499): CodeIgniter\CodeIgniter->runController(Object(App\Controllers\News))
#10 /Users/alexandria.vannorsdall/code/project-root/vendor/codeigniter4/framework/system/CodeIgniter.php(368): CodeIgniter\CodeIgniter->handleRequest(NULL, Object(Config\Cache), false)
#11 /Users/alexandria.vannorsdall/code/project-root/public/index.php(67): CodeIgniter\CodeIgniter->run()
#12 /Users/alexandria.vannorsdall/code/project-root/vendor/codeigniter4/framework/system/Commands/Server/rewrite.php(47): require_once('/Users/alexandr...')
#13 {main}

Next CodeIgniter\Database\Exceptions\DatabaseException: Access denied for user '****'@'localhost' (using password: YES) in /Users/alexandria.vannorsdall/code/project-root/vendor/codeigniter4/framework/system/Database/MySQLi/Connection.php:218
Stack trace:
#0 /Users/alexandria.vannorsdall/code/project-root/vendor/codeigniter4/framework/system/Database/BaseConnection.php(391): CodeIgniter\Database\MySQLi\Connection->connect(false)
#1 /Users/alexandria.vannorsdall/code/project-root/vendor/codeigniter4/framework/system/Database/BaseConnection.php(574): CodeIgniter\Database\BaseConnection->initialize()
#2 /Users/alexandria.vannorsdall/code/project-root/vendor/codeigniter4/framework/system/Database/BaseBuilder.php(1616): CodeIgniter\Database\BaseConnection->query('SELECT *\nFROM `...', Array, false)
#3 /Users/alexandria.vannorsdall/code/project-root/vendor/codeigniter4/framework/system/Model.php(241): CodeIgniter\Database\BaseBuilder->get()
#4 /Users/alexandria.vannorsdall/code/project-root/vendor/codeigniter4/framework/system/BaseModel.php(618): CodeIgniter\Model->doFindAll(0, 0)
#5 /Users/alexandria.vannorsdall/code/project-root/app/Models/NewsModel.php(15): CodeIgniter\BaseModel->findAll()
#6 /Users/alexandria.vannorsdall/code/project-root/app/Controllers/News.php(15): App\Models\NewsModel->getNews()
#7 /Users/alexandria.vannorsdall/code/project-root/vendor/codeigniter4/framework/system/CodeIgniter.php(934): App\Controllers\News->index()
#8 /Users/alexandria.vannorsdall/code/project-root/vendor/codeigniter4/framework/system/CodeIgniter.php(499): CodeIgniter\CodeIgniter->runController(Object(App\Controllers\News))
#9 /Users/alexandria.vannorsdall/code/project-root/vendor/codeigniter4/framework/system/CodeIgniter.php(368): CodeIgniter\CodeIgniter->handleRequest(NULL, Object(Config\Cache), false)
#10 /Users/alexandria.vannorsdall/code/project-root/public/index.php(67): CodeIgniter\CodeIgniter->run()
#11 /Users/alexandria.vannorsdall/code/project-root/vendor/codeigniter4/framework/system/Commands/Server/rewrite.php(47): require_once('/Users/alexandr...')
#12 {main}
CRITICAL - 2023-06-12 10:47:08 --> Unable to connect to the database.
Main connection [MySQLi]: Access denied for user '****'@'localhost' (using password: YES)
in SYSTEMPATH/Database/BaseConnection.php on line 427.
 1 SYSTEMPATH/Database/BaseConnection.php(574): CodeIgniter\Database\BaseConnection->initialize()
 2 SYSTEMPATH/Database/BaseBuilder.php(1616): CodeIgniter\Database\BaseConnection->query('SELECT *
FROM `news`', [], false)
 3 SYSTEMPATH/Model.php(241): CodeIgniter\Database\BaseBuilder->get()
 4 SYSTEMPATH/BaseModel.php(618): CodeIgniter\Model->doFindAll(0, 0)
 5 APPPATH/Models/NewsModel.php(15): CodeIgniter\BaseModel->findAll()
 6 APPPATH/Controllers/News.php(15): App\Models\NewsModel->getNews()
 7 SYSTEMPATH/CodeIgniter.php(934): App\Controllers\News->index()
 8 SYSTEMPATH/CodeIgniter.php(499): CodeIgniter\CodeIgniter->runController(Object(App\Controllers\News))
 9 SYSTEMPATH/CodeIgniter.php(368): CodeIgniter\CodeIgniter->handleRequest(null, Object(Config\Cache), false)
10 FCPATH/index.php(67): CodeIgniter\CodeIgniter->run()
11 SYSTEMPATH/Commands/Server/rewrite.php(47): require_once('/Users/alexandria.vannorsdall/code/project-root/public/index.php')
